<?xml version="1.0" encoding="UTF-8"?>
<testsuite xmlns:xsi="http://www.w3.org/2001/XMLSchema-instance" xsi:noNamespaceSchemaLocation="https://maven.apache.org/surefire/maven-surefire-plugin/xsd/surefire-test-report-3.0.xsd" version="3.0" name="com.upiiz.superheroes.SuperheroesApplicationTests" time="4.533" tests="1" errors="0" skipped="0" failures="0">
  <properties>
[...]
</properties>
  <testcase name="contextLoads" classname="com.upiiz.superheroes.SuperheroesApplicationTests" time="0.422">
    <system-out><![CDATA[19:00:31.876 [main] INFO org.springframework.test.context.support.AnnotationConfigContextLoaderUtils -- Could not detect default configuration classes for test class [com.upiiz.superheroes.SuperheroesApplicationTests]: SuperheroesApplicationTests does not declare any static, non-private, non-final, nested classes annotated with @Configuration.
19:00:31.993 [main] INFO org.springframework.boot.test.context.SpringBootTestContextBootstrapper -- Found @SpringBootConfiguration com.upiiz.superheroes.SuperheroesApplication for test class com.upiiz.superheroes.SuperheroesApplicationTests
19:00:32.150 [main] INFO org.springframework.boot.devtools.restart.RestartApplicationListener -- Restart disabled due to context in which it is running

  .   ____          _            __ _ _
 /\\ / ___'_ __ _ _(_)_ __  __ _ \ \ \ \
( ( )\___ | '_ | '_| | '_ \/ _` | \ \ \ \
 \\/  ___)| |_)| | | | | || (_| |  ) ) ) )
  '  |____| .__|_| |_|_| |_\__, | / / / /
 =========|_|==============|___/=/_/_/_/

 :: Spring Boot ::                (v3.3.6)

2024-11-21T19:00:32.375-06:00  INFO 16356 --- [superheroes] [           main] c.u.s.SuperheroesApplicationTests        : Starting SuperheroesApplicationTests using Java 19.0.2 with PID 16356 (started by Raul in C:\Users\Raul\Downloads\superheroes)
2024-11-21T19:00:32.376-06:00  INFO 16356 --- [superheroes] [           main] c.u.s.SuperheroesApplicationTests        : No active profile set, falling back to 1 default profile: "default"
2024-11-21T19:00:33.072-06:00  INFO 16356 --- [superheroes] [           main] .s.d.r.c.RepositoryConfigurationDelegate : Bootstrapping Spring Data JPA repositories in DEFAULT mode.
2024-11-21T19:00:33.118-06:00  INFO 16356 --- [superheroes] [           main] .s.d.r.c.RepositoryConfigurationDelegate : Finished Spring Data repository scanning in 39 ms. Found 1 JPA repository interface.
2024-11-21T19:00:33.531-06:00  INFO 16356 --- [superheroes] [           main] o.hibernate.jpa.internal.util.LogHelper  : HHH000204: Processing PersistenceUnitInfo [name: default]
2024-11-21T19:00:33.599-06:00  INFO 16356 --- [superheroes] [           main] org.hibernate.Version                    : HHH000412: Hibernate ORM core version 6.5.3.Final
2024-11-21T19:00:33.639-06:00  INFO 16356 --- [superheroes] [           main] o.h.c.internal.RegionFactoryInitiator    : HHH000026: Second-level cache disabled
2024-11-21T19:00:33.976-06:00  INFO 16356 --- [superheroes] [           main] o.s.o.j.p.SpringPersistenceUnitInfo      : No LoadTimeWeaver setup: ignoring JPA class transformer
2024-11-21T19:00:34.010-06:00  INFO 16356 --- [superheroes] [           main] com.zaxxer.hikari.HikariDataSource       : HikariPool-1 - Starting...
2024-11-21T19:00:34.151-06:00  INFO 16356 --- [superheroes] [           main] com.zaxxer.hikari.pool.HikariPool        : HikariPool-1 - Added connection com.mysql.cj.jdbc.ConnectionImpl@aa0dbca
2024-11-21T19:00:34.152-06:00  INFO 16356 --- [superheroes] [           main] com.zaxxer.hikari.HikariDataSource       : HikariPool-1 - Start completed.
2024-11-21T19:00:34.173-06:00  WARN 16356 --- [superheroes] [           main] org.hibernate.orm.deprecation            : HHH90000025: MySQL8Dialect does not need to be specified explicitly using 'hibernate.dialect' (remove the property setting and it will be selected by default)
2024-11-21T19:00:34.174-06:00  WARN 16356 --- [superheroes] [           main] org.hibernate.orm.deprecation            : HHH90000026: MySQL8Dialect has been deprecated; use org.hibernate.dialect.MySQLDialect instead
2024-11-21T19:00:34.891-06:00  INFO 16356 --- [superheroes] [           main] o.h.e.t.j.p.i.JtaPlatformInitiator       : HHH000489: No JTA platform available (set 'hibernate.transaction.jta.platform' to enable JTA platform integration)
Hibernate: drop table if exists heroe
Hibernate: create table heroe (id bigint not null auto_increment, debilidad varchar(255), nombre varchar(255), poder varchar(255), universo varchar(255), url_imagen varchar(255), primary key (id)) engine=InnoDB
2024-11-21T19:00:34.930-06:00  INFO 16356 --- [superheroes] [           main] j.LocalContainerEntityManagerFactoryBean : Initialized JPA EntityManagerFactory for persistence unit 'default'
2024-11-21T19:00:35.330-06:00  WARN 16356 --- [superheroes] [           main] JpaBaseConfiguration$JpaWebConfiguration : spring.jpa.open-in-view is enabled by default. Therefore, database queries may be performed during view rendering. Explicitly configure spring.jpa.open-in-view to disable this warning
2024-11-21T19:00:35.802-06:00  INFO 16356 --- [superheroes] [           main] c.u.s.SuperheroesApplicationTests        : Started SuperheroesApplicationTests in 3.664 seconds (process running for 4.568)
]]></system-out>
  </testcase>
</testsuite>